#
# A fatal error has been detected by the Java Runtime Environment:
#
#  EXCEPTION_ACCESS_VIOLATION (0xc0000005) at pc=0x000000007165285c, pid=18128, tid=404
#
# JRE version: Java(TM) SE Runtime Environment (8.0_25-b18) (build 1.8.0_25-b18)
# Java VM: Java HotSpot(TM) 64-Bit Server VM (25.25-b02 mixed mode windows-amd64 compressed oops)
# Problematic frame:
# C  [jdwp.dll+0x2285c]
#
# Failed to write core dump. Minidumps are not enabled by default on client versions of Windows
#
# If you would like to submit a bug report, please visit:
#   http://bugreport.sun.com/bugreport/crash.jsp
# The crash happened outside the Java Virtual Machine in native code.
# See problematic frame for where to report the bug.
#

---------------  T H R E A D  ---------------

Current thread (0x0000000022948000):  JavaThread "JDWP Command Reader" daemon [_thread_in_native, id=404, stack(0x0000000023300000,0x0000000023400000)]

siginfo: ExceptionCode=0xc0000005, reading address 0x0000000000000000

Registers:
RAX=0x000000007165f590, RBX=0x000000000000000c, RCX=0x0000000000000000, RDX=0x0000000000000028
RSP=0x00000000233ff500, RBP=0x00000000716591a8, RSI=0x0000000000000004, RDI=0x0000000071f333c0
R8 =0x00000000233ff568, R9 =0x7efefeff70f8ff6b, R10=0x81010101010100f8, R11=0x8101010101010100
R12=0x0000000022948a10, R13=0x0000000022948de8, R14=0x0000000000000000, R15=0x0000000071659198
RIP=0x000000007165285c, EFLAGS=0x0000000000010206

Top of Stack: (sp=0x00000000233ff500)
0x00000000233ff500:   00000000233ff528 0000000000000018
0x00000000233ff510:   0000000000000000 0000000000000000
0x00000000233ff520:   0000000000002714 0000000071f323c0
0x00000000233ff530:   0000000000000001 0000000000000020
0x00000000233ff540:   0000000000000000 00000000233ff570
0x00000000233ff550:   0000000071f333c0 0000000071f3108e
0x00000000233ff560:   000000000000000c 0000000000000000
0x00000000233ff570:   0000000000000004 0000000000000000
0x00000000233ff580:   7075727265746e49 636e756620646574
0x00000000233ff590:   6c6163206e6f6974 0000000071fa006c
0x00000000233ff5a0:   0000000071659198 0000000000000000
0x00000000233ff5b0:   0000000022948de8 0000000022948a10
0x00000000233ff5c0:   000000000000033c 000007fe5731189e
0x00000000233ff5d0:   000000000000033c 0000000000284660
0x00000000233ff5e0:   0000000000000004 00000000233ff624
0x00000000233ff5f0:   00000000233ff688 0000000000000000 

Instructions: (pc=0x000000007165285c)
0x000000007165283c:   83 ec 50 48 63 d1 85 c9 75 07 33 c0 e9 84 00 00
0x000000007165284c:   00 48 8b 05 84 d4 00 00 4c 8d 44 24 68 48 8b 08
0x000000007165285c:   48 8b 01 ff 90 68 01 00 00 8b f8 85 c0 74 61 8b
0x000000007165286c:   c8 e8 72 ca fe ff 48 8b d8 ff 15 b5 49 00 00 c7 


Register to memory mapping:

RAX=0x000000007165f590 is an unknown value
RBX=0x000000000000000c is an unknown value
RCX=0x0000000000000000 is an unknown value
RDX=0x0000000000000028 is an unknown value
RSP=0x00000000233ff500 is pointing into the stack for thread: 0x0000000022948000
RBP=0x00000000716591a8 is an unknown value
RSI=0x0000000000000004 is an unknown value
RDI=0x0000000071f333c0 is an unknown value
R8 =0x00000000233ff568 is pointing into the stack for thread: 0x0000000022948000
R9 =0x7efefeff70f8ff6b is an unknown value
R10=0x81010101010100f8 is an unknown value
R11=0x8101010101010100 is an unknown value
R12=0x0000000022948a10 is an unknown value
R13=0x0000000022948de8 is an unknown value
R14=0x0000000000000000 is an unknown value
R15=0x0000000071659198 is an unknown value


Stack: [0x0000000023300000,0x0000000023400000],  sp=0x00000000233ff500,  free space=1021k
Native frames: (J=compiled Java code, j=interpreted, Vv=VM code, C=native code)
C  [jdwp.dll+0x2285c]
C  [dt_socket.dll+0x108e]
C  [dt_socket.dll+0x15f6]
C  [jdwp.dll+0x1fa05]
C  [jdwp.dll+0xecea]
V  [jvm.dll+0x1abba8]
V  [jvm.dll+0x22bde4]
V  [jvm.dll+0x2852fa]
C  [msvcr100.dll+0x21d9f]
C  [msvcr100.dll+0x21e3b]
C  [KERNEL32.DLL+0x1842]
C  [ntdll.dll+0x3df11]


---------------  P R O C E S S  ---------------

Java Threads: ( => current thread )
  0x00000000229dc800 JavaThread "Service Thread" daemon [_thread_blocked, id=11664, stack(0x0000000023800000,0x0000000023900000)]
  0x0000000022961800 JavaThread "C1 CompilerThread3" daemon [_thread_blocked, id=9012, stack(0x0000000023700000,0x0000000023800000)]
  0x000000002295f800 JavaThread "C2 CompilerThread2" daemon [_thread_blocked, id=14052, stack(0x0000000023600000,0x0000000023700000)]
  0x000000002295f000 JavaThread "C2 CompilerThread1" daemon [_thread_blocked, id=6676, stack(0x0000000023500000,0x0000000023600000)]
  0x000000002295c000 JavaThread "C2 CompilerThread0" daemon [_thread_blocked, id=10968, stack(0x0000000023400000,0x0000000023500000)]
=>0x0000000022948000 JavaThread "JDWP Command Reader" daemon [_thread_in_native, id=404, stack(0x0000000023300000,0x0000000023400000)]
  0x0000000022943000 JavaThread "JDWP Event Helper Thread" daemon [_thread_blocked, id=17760, stack(0x0000000023200000,0x0000000023300000)]
  0x0000000022937000 JavaThread "JDWP Transport Listener: dt_socket" daemon [_thread_blocked, id=9900, stack(0x0000000023000000,0x0000000023100000)]
  0x000000002292e000 JavaThread "Attach Listener" daemon [_thread_blocked, id=11388, stack(0x0000000022e00000,0x0000000022f00000)]
  0x000000002292d800 JavaThread "Signal Dispatcher" daemon [_thread_blocked, id=16408, stack(0x0000000022d00000,0x0000000022e00000)]
  0x000000002090c800 JavaThread "Finalizer" daemon [_thread_blocked, id=12688, stack(0x0000000022800000,0x0000000022900000)]
  0x00000000023b8800 JavaThread "Reference Handler" daemon [_thread_blocked, id=12648, stack(0x0000000022700000,0x0000000022800000)]

Other Threads:
  0x0000000020908800 VMThread [stack: 0x0000000022600000,0x0000000022700000] [id=10056]

VM state:at safepoint (normal execution)

VM Mutex/Monitor currently owned by a thread:  ([mutex/lock_event])
[0x00000000022c3480] Threads_lock - owner thread: 0x0000000020908800
[0x00000000022c3900] Heap_lock - owner thread: 0x00000000022c6800

Heap:
 PSYoungGen      total 114688K, used 9830K [0x0000000740400000, 0x0000000748400000, 0x00000007c0000000)
  eden space 98304K, 10% used [0x0000000740400000,0x0000000740d99bf0,0x0000000746400000)
  from space 16384K, 0% used [0x0000000747400000,0x0000000747400000,0x0000000748400000)
  to   space 16384K, 0% used [0x0000000746400000,0x0000000746400000,0x0000000747400000)
 ParOldGen       total 262144K, used 0K [0x0000000640c00000, 0x0000000650c00000, 0x0000000740400000)
  object space 262144K, 0% used [0x0000000640c00000,0x0000000640c00000,0x0000000650c00000)
 Metaspace       used 3800K, capacity 4542K, committed 4864K, reserved 1056768K
  class space    used 413K, capacity 428K, committed 512K, reserved 1048576K

Card table byte_map: [0x0000000011780000,0x0000000012380000] byte_map_base: 0x000000000e57a000

Marking Bits: (ParMarkBitMap*) 0x0000000071e4d490
 Begin Bits: [0x0000000013380000, 0x0000000019350000)
 End Bits:   [0x0000000019350000, 0x000000001f320000)

Polling page: 0x0000000001c40000

CodeCache: size=245760Kb used=1126Kb max_used=1126Kb free=244633Kb
 bounds [0x00000000023c0000, 0x0000000002630000, 0x00000000113c0000]
 total_blobs=282 nmethods=31 adapters=173
 compilation: enabled

Compilation events (10 events):
Event: 0.224 Thread 0x0000000022961800   27       3       java.lang.String::indexOf (7 bytes)
Event: 0.224 Thread 0x0000000022961800 nmethod 27 0x00000000024d3c90 code [0x00000000024d3e00, 0x00000000024d4028]
Event: 0.226 Thread 0x0000000022961800   28       3       java.util.Arrays::copyOf (19 bytes)
Event: 0.226 Thread 0x0000000022961800 nmethod 28 0x00000000024d40d0 code [0x00000000024d4240, 0x00000000024d4588]
Event: 0.226 Thread 0x0000000022961800   30       3       java.lang.String::<init> (62 bytes)
Event: 0.227 Thread 0x0000000022961800 nmethod 30 0x00000000024d46d0 code [0x00000000024d48a0, 0x00000000024d4d18]
Event: 0.227 Thread 0x0000000022961800   29       3       java.lang.String::indexOf (25 bytes)
Event: 0.227 Thread 0x0000000022961800 nmethod 29 0x00000000024d4fd0 code [0x00000000024d5140, 0x00000000024d5308]
Event: 0.227 Thread 0x0000000022961800   31       1       java.io.File::getPath (5 bytes)
Event: 0.227 Thread 0x0000000022961800 nmethod 31 0x00000000024d5410 code [0x00000000024d5560, 0x00000000024d5670]

GC Heap History (0 events):
No events

Deoptimization events (0 events):
No events

Internal exceptions (4 events):
Event: 0.042 Thread 0x00000000022c6800 Exception <a 'java/lang/NoSuchMethodError': Method sun.misc.Unsafe.defineClass(Ljava/lang/String;[BII)Ljava/lang/Class; name or signature does not match> (0x0000000740411830) thrown at [D:\re\workspace\8-2-build-windows-amd64-cygwin\jdk8u25\1677\hotspot\srUúŒÚá˜¥?
Event: 0.042 Thread 0x00000000022c6800 Exception <a 'java/lang/NoSuchMethodError': Method sun.misc.Unsafe.prefetchRead(Ljava/lang/Object;J)V name or signature does not match> (0x0000000740411ac0) thrown at [D:\re\workspace\8-2-build-windows-amd64-cygwin\jdk8u25\1677\hotspot\src\share\vm\prims\jéh>¿ÌË?
Event: 0.217 Thread 0x00000000022c6800 Exception <a 'java/security/PrivilegedActionException'> (0x00000007404a4500) thrown at [D:\re\workspace\8-2-build-windows-amd64-cygwin\jdk8u25\1677\hotspot\src\share\vm\prims\jvm.cpp, line 1312]
Event: 0.226 Thread 0x00000000022c6800 Exception <a 'java/security/PrivilegedActionException'> (0x00000007404abe08) thrown at [D:\re\workspace\8-2-build-windows-amd64-cygwin\jdk8u25\1677\hotspot\src\share\vm\prims\jvm.cpp, line 1312]

Events (10 events):
Event: 69.611 Executing VM operation: ChangeSingleStep done
Event: 69.611 Executing VM operation: ChangeSingleStep
Event: 69.611 Executing VM operation: ChangeSingleStep done
Event: 70.330 Thread 0x00000000022c6800 Thread exited: 0x00000000022c6800
Event: 70.330 Thread 0x00000000022c6800 Thread added: 0x00000000022c6800
Event: 70.330 loading class java/lang/Shutdown
Event: 70.330 loading class java/lang/Shutdown done
Event: 70.330 loading class java/lang/Shutdown$Lock
Event: 70.330 loading class java/lang/Shutdown$Lock done
Event: 70.330 Thread 0x00000000022c6800 Thread exited: 0x00000000022c6800


Dynamic libraries:
0x000007f7993b0000 - 0x000007f7993e4000 	C:\Program Files\Java\jdk1.8.0_25\bin\javaw.exe
0x000007fe59f40000 - 0x000007fe5a0fd000 	C:\windows\SYSTEM32\ntdll.dll
0x000007fe593b0000 - 0x000007fe594e7000 	C:\windows\system32\KERNEL32.DLL
0x000007fe57160000 - 0x000007fe57254000 	C:\windows\system32\KERNELBASE.dll
0x000007fe58cf0000 - 0x000007fe58dce000 	C:\windows\system32\ADVAPI32.dll
0x000007fe58ba0000 - 0x000007fe58cec000 	C:\windows\system32\USER32.dll
0x000007fe531c0000 - 0x000007fe5342a000 	C:\windows\WinSxS\amd64_microsoft.windows.common-controls_6595b64144ccf1df_6.0.9200.17359_none_4188b989718cf1c6\COMCTL32.dll
0x000007fe59e10000 - 0x000007fe59eb5000 	C:\windows\system32\msvcrt.dll
0x000007fe59dc0000 - 0x000007fe59e08000 	C:\windows\SYSTEM32\sechost.dll
0x000007fe58dd0000 - 0x000007fe58f15000 	C:\windows\system32\RPCRT4.dll
0x000007fe58a50000 - 0x000007fe58b91000 	C:\windows\system32\GDI32.dll
0x000007fe58660000 - 0x000007fe58699000 	C:\windows\system32\IMM32.DLL
0x000007fe59ca0000 - 0x000007fe59db5000 	C:\windows\system32\MSCTF.dll
0x0000000071f40000 - 0x0000000072012000 	C:\Program Files\Java\jdk1.8.0_25\jre\bin\msvcr100.dll
0x0000000071670000 - 0x0000000071eca000 	C:\Program Files\Java\jdk1.8.0_25\jre\bin\server\jvm.dll
0x000007fe56770000 - 0x000007fe56779000 	C:\windows\SYSTEM32\WSOCK32.dll
0x000007fe54380000 - 0x000007fe543a0000 	C:\windows\SYSTEM32\WINMM.dll
0x000007fe586a0000 - 0x000007fe586a7000 	C:\windows\system32\PSAPI.DLL
0x000007fe57310000 - 0x000007fe57368000 	C:\windows\system32\WS2_32.dll
0x000007fe54340000 - 0x000007fe54373000 	C:\windows\SYSTEM32\WINMMBASE.dll
0x000007fe59f30000 - 0x000007fe59f39000 	C:\windows\system32\NSI.dll
0x000007fe56e80000 - 0x000007fe56ecf000 	C:\windows\SYSTEM32\cfgmgr32.dll
0x000007fe57280000 - 0x000007fe572a2000 	C:\windows\system32\DEVOBJ.dll
0x00000000722f0000 - 0x00000000722ff000 	C:\Program Files\Java\jdk1.8.0_25\jre\bin\verify.dll
0x00000000722c0000 - 0x00000000722e8000 	C:\Program Files\Java\jdk1.8.0_25\jre\bin\java.dll
0x0000000071630000 - 0x0000000071665000 	C:\Program Files\Java\jdk1.8.0_25\jre\bin\jdwp.dll
0x0000000072090000 - 0x0000000072098000 	C:\Program Files\Java\jdk1.8.0_25\jre\bin\npt.dll
0x00000000722a0000 - 0x00000000722b6000 	C:\Program Files\Java\jdk1.8.0_25\jre\bin\zip.dll
0x000007fe57370000 - 0x000007fe58655000 	C:\windows\system32\SHELL32.dll
0x000007fe59940000 - 0x000007fe59af0000 	C:\windows\SYSTEM32\combase.dll
0x000007fe58890000 - 0x000007fe588e0000 	C:\windows\system32\SHLWAPI.dll
0x000007fe56270000 - 0x000007fe56306000 	C:\windows\SYSTEM32\SHCORE.dll
0x000007fe56e60000 - 0x000007fe56e75000 	C:\windows\system32\profapi.dll
0x0000000071f30000 - 0x0000000071f39000 	C:\Program Files\Java\jdk1.8.0_25\jre\bin\dt_socket.dll
0x000007fe49df0000 - 0x000007fe49e04000 	C:\windows\system32\napinsp.dll
0x000007fe49dd0000 - 0x000007fe49de8000 	C:\windows\system32\pnrpnsp.dll
0x000007fe547c0000 - 0x000007fe547d6000 	C:\windows\system32\NLAapi.dll
0x000007fe561f0000 - 0x000007fe5624c000 	C:\windows\System32\mswsock.dll
0x000007fe56030000 - 0x000007fe560c8000 	C:\windows\SYSTEM32\DNSAPI.dll
0x000007fe49db0000 - 0x000007fe49dc2000 	C:\windows\System32\winrnr.dll
0x000007fe49d90000 - 0x000007fe49da4000 	C:\windows\system32\wshbth.dll
0x0000000072e00000 - 0x0000000072e26000 	C:\Program Files\Bonjour\mdnsNSP.dll
0x000007fe55c70000 - 0x000007fe55c9a000 	C:\windows\SYSTEM32\Iphlpapi.DLL
0x000007fe55c50000 - 0x000007fe55c5a000 	C:\windows\SYSTEM32\WINNSI.DLL
0x000007fe55820000 - 0x000007fe55881000 	C:\windows\System32\fwpuclnt.dll
0x000007fe4dad0000 - 0x000007fe4dad8000 	C:\Windows\System32\rasadhlp.dll
0x0000000072280000 - 0x000000007229a000 	C:\Program Files\Java\jdk1.8.0_25\jre\bin\net.dll
0x000007fe47210000 - 0x000007fe47373000 	C:\windows\SYSTEM32\dbghelp.dll

VM Arguments:
jvm_args: -agentlib:jdwp=transport=dt_socket,suspend=y,address=localhost:58954 -Dfile.encoding=UTF-8 
java_command: com.jasonshi.sample.client.Client
java_class_path (initial): C:\Users\shishu.AUTH\Documents\workspaces\workspace-spring\myBootApp\target\classes;C:\Users\shishu.AUTH\.m2\repository\org\springframework\boot\spring-boot-starter-data-jpa\1.3.3.RELEASE\spring-boot-starter-data-jpa-1.3.3.RELEASE.jar;C:\Users\shishu.AUTH\.m2\repository\org\springframework\boot\spring-boot-starter-aop\1.3.3.RELEASE\spring-boot-starter-aop-1.3.3.RELEASE.jar;C:\Users\shishu.AUTH\.m2\repository\org\aspectj\aspectjweaver\1.8.8\aspectjweaver-1.8.8.jar;C:\Users\shishu.AUTH\.m2\repository\org\springframework\boot\spring-boot-starter-jdbc\1.3.3.RELEASE\spring-boot-starter-jdbc-1.3.3.RELEASE.jar;C:\Users\shishu.AUTH\.m2\repository\org\apache\tomcat\tomcat-jdbc\8.0.32\tomcat-jdbc-8.0.32.jar;C:\Users\shishu.AUTH\.m2\repository\org\apache\tomcat\tomcat-juli\8.0.32\tomcat-juli-8.0.32.jar;C:\Users\shishu.AUTH\.m2\repository\org\springframework\spring-jdbc\4.2.5.RELEASE\spring-jdbc-4.2.5.RELEASE.jar;C:\Users\shishu.AUTH\.m2\repository\org\hibernate\hibernate-entitymanager\4.3.11.Final\hibernate-entitymanager-4.3.11.Final.jar;C:\Users\shishu.AUTH\.m2\repository\org\jboss\logging\jboss-logging\3.3.0.Final\jboss-logging-3.3.0.Final.jar;C:\Users\shishu.AUTH\.m2\repository\org\jboss\logging\jboss-logging-annotations\1.2.0.Beta1\jboss-logging-annotations-1.2.0.Beta1.jar;C:\Users\shishu.AUTH\.m2\repository\org\hibernate\hibernate-core\4.3.11.Final\hibernate-core-4.3.11.Final.jar;C:\Users\shishu.AUTH\.m2\repository\antlr\antlr\2.7.7\antlr-2.7.7.jar;C:\Users\shishu.AUTH\.m2\repository\org\jboss\jandex\1.1.0.Final\jandex-1.1.0.Final.jar;C:\Users\shishu.AUTH\.m2\repository\dom4j\dom4j\1.6.1\dom4j-1.6.1.jar;C:\Users\shishu.AUTH\.m2\repository\xml-apis\xml-apis\1.0.b2\xml-apis-1.0.b2.jar;C:\Users\shishu.AUTH\.m2\repository\org\hibernate\common\hibernate-commons-annotations\4.0.5.Final\hibernate-commons-annotations-4.0.5.Final.jar;C:\Users\shishu.AUTH\.m2\repository\org\hibernate\javax\persistence\hibernate-jpa-2.1-api\1.0.0.Final\hibernate-jpa-2.1-
Launcher Type: SUN_STANDARD

Environment Variables:
JAVA_HOME=C:\Program Files\Java\jdk1.8.0_25
CLASSPATH=.;C:\Program Files\Java\jdk1.8.0_25\lib\tools.jar;
PATH=C:\Program Files\Java\jdk1.8.0_25\jre\bin;C:/Program Files/Java/jdk1.8.0_25/bin/../jre/bin/server;C:/Program Files/Java/jdk1.8.0_25/bin/../jre/bin;C:/Program Files/Java/jdk1.8.0_25/bin/../jre/lib/amd64;C:\Program Files\RA2HP\;C:\Program Files\Java\jdk1.8.0_25\bin;C:\windows\system32;C:\windows;C:\windows\System32\Wbem;C:\windows\System32\WindowsPowerShell\v1.0\;C:\Program Files\TortoiseSVN\bin;C:\Program Files (x86)\Microsoft SQL Server\100\Tools\Binn\;C:\Program Files\Microsoft SQL Server\100\Tools\Binn\;C:\Program Files\Microsoft SQL Server\100\DTS\Binn\;C:\Program Files (x86)\Microsoft SQL Server\100\Tools\Binn\VSShell\Common7\IDE\;C:\Program Files (x86)\Microsoft Visual Studio 9.0\Common7\IDE\PrivateAssemblies\;C:\Program Files (x86)\Microsoft SQL Server\100\DTS\Binn\;C:\Program Files\MongoDB\Server\3.0\bin;E:\BAK\Develop\Java\apache-maven-3.3.1\bin;C:\Program Files\nodejs\;C:\Program Files (x86)\Brackets\command;C:\Program Files (x86)\Skype\Phone\;C:\Program Files (x86)\nodejs\;C:\Program Files (x86)\Git\bin;C:\Program Files (x86)\Git\cmd;C:\Users\shishu.AUTH\AppData\Roaming\npm;;C:\Program Files (x86)\Git\bin;C:\Program Files (x86)\Git\cmd;C:\shishuwu\Tools\spring-tool-suite-3.7.3.RELEASE-e4.5.2-win32-x86_64\sts-bundle\sts-3.7.3.RELEASE;
USERNAME=shishu
OS=Windows_NT
PROCESSOR_IDENTIFIER=Intel64 Family 6 Model 42 Stepping 7, GenuineIntel



---------------  S Y S T E M  ---------------

OS: Windows 8 , 64 bit Build 9200 

CPU:total 8 (4 cores per cpu, 2 threads per core) family 6 model 42 stepping 7, cmov, cx8, fxsr, mmx, sse, sse2, sse3, ssse3, sse4.1, sse4.2, popcnt, avx, aes, clmul, ht, tsc, tscinvbit

Memory: 4k page, physical 25114968k(10846840k free), swap 50280792k(31963652k free)

vm_info: Java HotSpot(TM) 64-Bit Server VM (25.25-b02) for windows-amd64 JRE (1.8.0_25-b18), built on Oct  7 2014 14:25:37 by "java_re" with MS VC++ 10.0 (VS2010)

time: Wed May 04 16:19:11 2016
elapsed time: 70 seconds (0d 0h 1m 10s)

